<?xml version="1.0" encoding="UTF-8"?>
<testng-results ignored="0" total="1" passed="1" failed="0" skipped="0">
  <reporter-output>
  </reporter-output>
  <suite started-at="2024-03-04T19:32:16 IST" name="Default suite" finished-at="2024-03-04T19:32:23 IST" duration-ms="6487">
    <groups>
    </groups>
    <test started-at="2024-03-04T19:32:16 IST" name="Default test" finished-at="2024-03-04T19:32:23 IST" duration-ms="6487">
      <class name="com.db.testlayer.SignupTestCase">
        <test-method is-config="true" signature="setUp()[pri:0, instance:com.db.testlayer.SignupTestCase@e056f20]" started-at="2024-03-04T19:32:16 IST" name="setUp" finished-at="2024-03-04T19:32:21 IST" duration-ms="4615" status="PASS">
          <reporter-output>
          </reporter-output>
        </test-method> <!-- setUp -->
        <test-method signature="signupTest()[pri:0, instance:com.db.testlayer.SignupTestCase@e056f20]" started-at="2024-03-04T19:32:21 IST" name="signupTest" finished-at="2024-03-04T19:32:22 IST" duration-ms="1043" status="PASS">
          <reporter-output>
          </reporter-output>
        </test-method> <!-- signupTest -->
        <test-method is-config="true" signature="tearDown()[pri:0, instance:com.db.testlayer.SignupTestCase@e056f20]" started-at="2024-03-04T19:32:22 IST" name="tearDown" finished-at="2024-03-04T19:32:23 IST" duration-ms="755" status="PASS">
          <reporter-output>
          </reporter-output>
        </test-method> <!-- tearDown -->
      </class> <!-- com.db.testlayer.SignupTestCase -->
    </test> <!-- Default test -->
  </suite> <!-- Default suite -->
</testng-results>
