<?xml version="1.0" encoding="UTF-8"?>
<testng-results ignored="0" total="1" passed="1" failed="0" skipped="0">
  <reporter-output>
  </reporter-output>
  <suite started-at="2024-03-04T19:57:03 IST" name="Default suite" finished-at="2024-03-04T19:57:15 IST" duration-ms="12031">
    <groups>
    </groups>
    <test started-at="2024-03-04T19:57:03 IST" name="Default test" finished-at="2024-03-04T19:57:15 IST" duration-ms="12031">
      <class name="com.db.testlayer.SignupTestCase">
        <test-method is-config="true" signature="setUp()[pri:0, instance:com.db.testlayer.SignupTestCase@e056f20]" started-at="2024-03-04T19:57:03 IST" name="setUp" finished-at="2024-03-04T19:57:11 IST" duration-ms="8417" status="PASS">
          <reporter-output>
          </reporter-output>
        </test-method> <!-- setUp -->
        <test-method signature="signupTest()[pri:0, instance:com.db.testlayer.SignupTestCase@e056f20]" started-at="2024-03-04T19:57:11 IST" name="signupTest" finished-at="2024-03-04T19:57:13 IST" duration-ms="1900" status="PASS">
          <reporter-output>
          </reporter-output>
        </test-method> <!-- signupTest -->
        <test-method is-config="true" signature="tearDown()[pri:0, instance:com.db.testlayer.SignupTestCase@e056f20]" started-at="2024-03-04T19:57:13 IST" name="tearDown" finished-at="2024-03-04T19:57:15 IST" duration-ms="1613" status="PASS">
          <reporter-output>
          </reporter-output>
        </test-method> <!-- tearDown -->
      </class> <!-- com.db.testlayer.SignupTestCase -->
    </test> <!-- Default test -->
  </suite> <!-- Default suite -->
</testng-results>
